C:\WINDOWS\DESKTOP\DOS\ODLDOS~1\window.e:2690 in procedure richedit() 
slice lower index is less than 1 (0) 
    id = 4
    line1 = 3
    chr1 = -1
    x = 225
    y = 410
    width = 300
    height = 140
    draw = 0
    mode = 1
    window_id = 4
    number1 = 1
    number2 = 0
    init = 1
    text_height = 4.777777778
    can = 0
    screen_chr1 = 1
    text_width = 35'#'
    temp_p = 0
    sel = 1
    text = {
             {103'g',100'd',102'f',100'd',102'f',100'd',102'f'},
             {107'k',106'j',106'j',107'k',106'j',107'k',106'j',107'k',106'j'},
             {106'j',104'h',106'j'},
             {}
           }
    temp = <no value>
    l = 1
    j = 6
    j = <no value>
    j = <no value>
    i = 3
    i = <no value>

... called from C:\WINDOWS\DESKTOP\DOS\ODLDOS~1\window.e:3584 in procedure window()  
    x = 215
    y = 380
    width = 550
    height = 200
    draw = 0
    mode = 1
    work = 1
    temp = 0
    temp_x = 0
    temp_y = 0
    temp_m_x = 0
    temp_m_y = 0
    background_color = -1
    close2 = 0
    min = 0
    window_name = {67'C',111'o',100'd',101'e',32' ',119'w',105'i',110'n',
100'd',111'o',119'w'}
    i = 6

... called from C:\WINDOWS\DESKTOP\DOS\ODLDOS~1\window.e:3906 in procedure run()  

... called from C:\WINDOWS\DESKTOP\DOS\ODLDOS~1\RUN.EX:834 


Global & Local Variables

 C:\WINDOWS\DESKTOP\DOS\ODLDOS~1\graphics.e:
    BLUE = 1
    CYAN = 3
    RED = 4
    BROWN = 6
    BRIGHT_BLUE = 9
    BRIGHT_CYAN = 11
    BRIGHT_RED = 12
    YELLOW = 14

 C:\WINDOWS\DESKTOP\DOS\ODLDOS~1\misc.e:
    pretty_end_col = <no value>
    pretty_chars = <no value>
    pretty_start_col = <no value>
    pretty_level = <no value>
    pretty_file = <no value>
    pretty_ascii = <no value>
    pretty_indent = <no value>
    pretty_ascii_min = <no value>
    pretty_ascii_max = <no value>
    pretty_fp_format = <no value>
    pretty_int_format = <no value>
    pretty_line = <no value>

 C:\WINDOWS\DESKTOP\DOS\ODLDOS~1\mouse.e:
    MOVE = 1
    LEFT_DOWN = 2
    LEFT_UP = 4
    RIGHT_DOWN = 8
    RIGHT_UP = 16
    MIDDLE_DOWN = 32' '
    MIDDLE_UP = 64'@'
    ANY_UP = <no value>

 C:\WINDOWS\DESKTOP\DOS\ODLDOS~1\mouse2.e:
    mouse_button = 0
    mouse_x = 1410
    mouse_y = 0
    press = 0

 C:\WINDOWS\DESKTOP\DOS\ODLDOS~1\machine.e:
    mem = 2211112080
    check_calls = 1

 C:\WINDOWS\DESKTOP\DOS\ODLDOS~1\image.e:
    fn = <no value>
    error_code = <no value>
    numXPixels = <no value>
    numYPixels = <no value>
    bitCount = <no value>
    numRowBytes = <no value>
    startXPixel = <no value>
    startYPixel = <no value>
    endYPixel = <no value>

 C:\WINDOWS\DESKTOP\DOS\ODLDOS~1\font.e:
    font_index = {
                   {},
                   {
                     {},
                     {},
                     {0,1,1,1,1,1,1},
                     {1,0,0,0,0,0,0,1},
                     {1,0,1,0,0,1,0,1},
                     {1,0,0,0,0,0,0,1},
                     {1,0,0,0,0,0,0,1},
                     {1,0,1,1,1,1,0,1},
                     {1,0,0,1,1,0,0,1},
                     {1,0,0,0,0,0,0,1},
                     {1,0,0,0,0,0,0,1},
                     {0,1,1,1,1,1,1}
                   },
                   {
                     {},
                     {},
                     {0,1,1,1,1,1,1},
                     {1,1,1,1,1,1,1,1},
                     {1,1,0,1,1,0,1,1},
                     {1,1,1,1,1,1,1,1},
                     {1,1,1,1,1,1,1,1},
                     {1,1,0,0,0,0,1,1},
                     {1,1,1,0,0,1,1,1},
                     {1,1,1,1,1,1,1,1},
                     {1,1,1,1,1,1,1,1},
                     {0,1,1,1,1,1,1}
                   },
                   {
                     {},
                     {},
                     {},
                     {},
                     {0,1,1,0,1,1},
                     {1,1,1,1,1,1,1},
                     {1,1,1,1,1,1,1},
                     {1,1,1,1,1,1,1},
                     {1,1,1,1,1,1,1},
                     {0,1,1,1,1,1},
                     {0,0,1,1,1},
                     {0,0,0,1}
                   },
                   {
                     {},
                     {},
                     {},
                     {},
                     {0,0,0,1},
                     {0,0,1,1,1},
                     {0,1,1,1,1,1},
                     {1,1,1,1,1,1,1},
                     {0,1,1,1,1,1},
                     {0,0,1,1,1},
                     {0,0,0,1}
                   },
                   {
                     {},
                     {},
                     {},
                     {0,0,0,1,1},
                     {0,0,1,1,1,1},
                     {0,0,1,1,1,1},
                     {1,1,1,0,0,1,1,1},
                     {1,1,1,0,0,1,1,1},
                     {1,1,1,0,0,1,1,1},
                     {0,0,0,1,1},
                     {0,0,0,1,1},
                     {0,0,1,1,1,1}
                   },
                   {
                     {},
                     {},
                     {},
                     {0,0,0,1,1},
                     {0,0,1,1,1,1},
                     {0,1,1,1,1,1,1},
                     {1,1,1,1,1,1,1,1},
                     {1,1,1,1,1,1,1,1},
                     {0,1,1,1,1,1,1},
                     {0,0,0,1,1},
                     {0,0,0,1,1},
                     {0,0,1,1,1,1}
                   },
                   {
                     {},
                     {},
                     {},
                     {},
                     {},
                     {},
                     {0,0,0,1,1},
                     {0,0,1,1,1,1},
                     {0,0,1,1,1,1},
                     {0,0,0,1,1}
                   },
                   {
                     {1,1,1,1,1,1,1,1},
                     {1,1,1,1,1,1,1,1},
                     {1,1,1,1,1,1,1,1},
                     {1,1,1,1,1,1,1,1},
                     {1,1,1,1,1,1,1,1},
                     {1,1,1,1,1,1,1,1},
                     {1,1,1,0,0,1,1,1},
                     {1,1,0,0,0,0,1,1},
                     {1,1,0,0,0,0,1,1},
                     {1,1,1,0,0,1,1,1},
                     {1,1,1,1,1,1,1,1},
                     {1,1,1,1,1,1,1,1},
                     {1,1,1,1,1,1,1,1},
                     {1,1,1,1,1,1,1,1},
                     {1,1,1,1,1,1,1,1},
                     {1,1,1,1,1,1,1,1}
                   },
                   {
                     {},
                     {},
                     {},
                     {},
                     {},
                     {0,0,1,1,1,1},
                     {0,1,1,0,0,1,1},
                     {0,1,0,0,0,0,1},
                     {0,1,0,0,0,0,1},
                     {0,1,1,0,0,1,1},
                     {0,0,1,1,1,1}
                   },
                   {
                     {1,1,1,1,1,1,1,1},
                     {1,1,1,1,1,1,1,1},
                     {1,1,1,1,1,1,1,1},
                     {1,1,1,1,1,1,1,1},
                     {1,1,1,1,1,1,1,1},
                     {1,1,0,0,0,0,1,1},
                     {1,0,0,1,1,0,0,1},
                     {1,0,1,1,1,1,0,1},
                     {1,0,1,1,1,1,0,1},
                     {1,0,0,1,1,0,0,1},
                     {1,1,0,0,0,0,1,1},
                     {1,1,1,1,1,1,1,1},
                     {1,1,1,1,1,1,1,1},
                     {1,1,1,1,1,1,1,1},
                     {1,1,1,1,1,1,1,1},
                     {1,1,1,1,1,1,1,1}
                   },
                   {
                     {},
                     {},
                     {0,0,0,1,1,1,1},
                     {0,0,0,0,1,1,1},
                     {0,0,0,1,1,0,1},
                     {0,0,1,1,0,0,1},
                     {0,1,1,1,1},
                     {1,1,0,0,1,1},
                     {1,1,0,0,1,1},
                     {1,1,0,0,1,1},
                     {1,1,0,0,1,1},
                     {0,1,1,1,1}
                   },
                   {
                     {},
                     {},
                     {0,0,1,1,1,1},
                     {0,1,1,0,0,1,1},
                     {0,1,1,0,0,1,1},
                     {0,1,1,0,0,1,1},
                     {0,1,1,0,0,1,1},
                     {0,0,1,1,1,1},
                     {0,0,0,1,1},
                     {0,1,1,1,1,1,1},
                     {0,0,0,1,1},
                     {0,0,0,1,1}
                   },
                   {
                     {},
                     {},
                     {0,0,1,1,1,1,1,1},
                     {0,0,1,1,0,0,1,1},
                     {0,0,1,1,1,1,1,1},
                     {0,0,1,1},
                     {0,0,1,1},
                     {0,0,1,1},
                     {0,0,1,1},
                     {0,1,1,1},
                     {1,1,1,1},
                     {1,1,1}
                   },
                   {
                     {},
                     {},
                     {0,1,1,1,1,1,1,1},
                     {0,1,1,0,0,0,1,1},
                     {0,1,1,1,1,1,1,1},
                     {0,1,1,0,0,0,1,1},
                     {0,1,1,0,0,0,1,1},
                     {0,1,1,0,0,0,1,1},
                     {0,1,1,0,0,0,1,1},
                     {0,1,1,0,0,1,1,1},
                     {1,1,1,0,0,1,1,1},
                     {1,1,1,0,0,1,1},
                     {1,1}
                   },
                   {
                     {},
                     {},
                     {},
                     {0,0,0,1,1},
                     {0,0,0,1,1},
                     {1,1,0,1,1,0,1,1},
                     {0,0,1,1,1,1},
                     {1,1,1,0,0,1,1,1},
                     {0,0,1,1,1,1},
                     {1,1,0,1,1,0,1,1},
                     {0,0,0,1,1},
                     {0,0,0,1,1}
                   },
                   {
                     {},
                     {1},
                     {1,1},
                     {1,1,1},
                     {1,1,1,1},
                     {1,1,1,1,1},
                     {1,1,1,1,1,1,1},
                     {1,1,1,1,1},
                     {1,1,1,1},
                     {1,1,1},
                     {1,1},
                     {1}
                   },
                   {
                     {},
                     {0,0,0,0,0,0,1},
                     {0,0,0,0,0,1,1},
                     {0,0,0,0,1,1,1},
                     {0,0,0,1,1,1,1},
                     {0,0,1,1,1,1,1},
                     {1,1,1,1,1,1,1},
                     {0,0,1,1,1,1,1},
                     {0,0,0,1,1,1,1},
                     {0,0,0,0,1,1,1},
                     {0,0,0,0,0,1,1},
                     {0,0,0,0,0,0,1}
                   },
                   {
                     {},
                     {},
                     {0,0,0,1,1},
                     {0,0,1,1,1,1},
                     {0,1,1,1,1,1,1},
                     {0,0,0,1,1},
                     {0,0,0,1,1},
                     {0,0,0,1,1},
                     {0,1,1,1,1,1,1},
                     {0,0,1,1,1,1},
                     {0,0,0,1,1}
                   },
                   {
                     {},
                     {},
                     {0,1,1,0,0,1,1},
                     {0,1,1,0,0,1,1},
                     {0,1,1,0,0,1,1},
                     {0,1,1,0,0,1,1},
                     {0,1,1,0,0,1,1},
                     {0,1,1,0,0,1,1},
                     {0,1,1,0,0,1,1},
                     {},
                     {0,1,1,0,0,1,1},
                     {0,1,1,0,0,1,1}
                   },
                   {
                     {},
                     {},
                     {0,1,1,1,1,1,1,1},
                     {1,1,0,1,1,0,1,1},
                     {1,1,0,1,1,0,1,1},
                     {1,1,0,1,1,0,1,1},
                     {0,1,1,1,1,0,1,1},
                     {0,0,0,1,1,0,1,1},
                     {0,0,0,1,1,0,1,1},
                     {0,0,0,1,1,0,1,1},
                     {0,0,0,1,1,0,1,1},
                     {0,0,0,1,1,0,1,1}
                   },
                   {
                     {},
                     {0,1,1,1,1,1},
                     {1,1,0,0,0,1,1},
                     {0,1,1},
                     {0,0,1,1,1},
                     {0,1,1,0,1,1},
                     {1,1,0,0,0,1,1},
                     {1,1,0,0,0,1,1},
                     {0,1,1,0,1,1},
                     {0,0,1,1,1},
                     {0,0,0,0,1,1},
                     {1,1,0,0,0,1,1},
                     {0,1,1,1,1,1}
                   },
                   {
                     {},
                     {},
                     {},
                     {},
                     {},
                     {},
                     {},
                     {},
                     {1,1,1,1,1,1,1},
                     {1,1,1,1,1,1,1},
                     {1,1,1,1,1,1,1},
                     {1,1,1,1,1,1,1}
                   },
                   {
                     {},
                     {},
                     {0,0,0,1,1},
                     {0,0,1,1,1,1},
                     {0,1,1,1,1,1,1},
                     {0,0,0,1,1},
                     {0,0,0,1,1},
                     {0,0,0,1,1},
                     {0,1,1,1,1,1,1},
                     {0,0,1,1,1,1},
                     {0,0,0,1,1},
                     {0,1,1,1,1,1,1}
                   },
                   {
                     {},
                     {},
                     {0,0,0,1,1},
                     {0,0,1,1,1,1},
                     {0,1,1,1,1,1,1},
                     {0,0,0,1,1},
                     {0,0,0,1,1},
                     {0,0,0,1,1},
                     {0,0,0,1,1},
                     {0,0,0,1,1},
                     {0,0,0,1,1},
                     {0,0,0,1,1}
                   },
                   {
                     {},
                     {},
                     {0,0,0,1,1},
                     {0,0,0,1,1},
                     {0,0,0,1,1},
                     {0,0,0,1,1},
                     {0,0,0,1,1},
                     {0,0,0,1,1},
                     {0,0,0,1,1},
                     {0,1,1,1,1,1,1},
                     {0,0,1,1,1,1},
                     {0,0,0,1,1}
                   },
                   {
                     {},
                     {},
                     {},
                     {},
                     {},
                     {0,0,0,1,1},
                     {0,0,0,0,1,1},
                     {1,1,1,1,1,1,1},
                     {0,0,0,0,1,1},
                     {0,0,0,1,1}
                   },
                   {
                     {},
                     {},
                     {},
                     {},
                     {},
                     {0,0,1,1},
                     {0,1,1},
                     {1,1,1,1,1,1,1},
                     {0,1,1},
                     {0,0,1,1}
                   },
                   {
                     {},
                     {},
                     {},
                     {},
                     {},
                     {},
                     {1,1},
                     {1,1},
                     {1,1},
                     {1,1,1,1,1,1,1}
                   },
                   {
                     {},
                     {},
                     {},
                     {},
                     {},
                     {0,0,1,0,1},
                     {0,1,1,0,1,1},
                     {1,1,1,1,1,1,1},
                     {0,1,1,0,1,1},
                     {0,0,1,0,1}
                   },
                   {
                     {},
                     {},
                     {},
                     {},
                     {0,0,0,1},
                     {0,0,1,1,1},
                     {0,0,1,1,1},
                     {0,1,1,1,1,1},
                     {0,1,1,1,1,1},
                     {1,1,1,1,1,1,1},
                     {1,1,1,1,1,1,1}
                   },
                   {
                     {},
                     {},
                     {},
                     {},
                     {1,1,1,1,1,1,1},
                     {1,1,1,1,1,1,1},
                     {0,1,1,1,1,1},
                     {0,1,1,1,1,1},
                     {0,0,1,1,1},
                     {0,0,1,1,1},
                     {0,0,0,1}
                   },
                   {},
                   {
                     {},
                     {},
                     {0,0,0,1,1},
                     {0,0,1,1,1,1},
                     {0,0,1,1,1,1},
                     {0,0,1,1,1,1},
                     {0,0,0,1,1},
                     {0,0,0,1,1},
                     {0,0,0,1,1},
                     {},
                     {0,0,0,1,1},
                     {0,0,0,1,1}
                   },
                   {
                     {},
                     {0,1,1,0,0,1,1},
                     {0,1,1,0,0,1,1},
                     {0,1,1,0,0,1,1},
                     {0,0,1,0,0,1}
                   },
                   {
                     {},
                     {},
                     {},
                     {0,1,1,0,1,1},
                     {0,1,1,0,1,1},
                     {1,1,1,1,1,1,1},
                     {0,1,1,0,1,1},
                     {0,1,1,0,1,1},
                     {0,1,1,0,1,1},
                     {1,1,1,1,1,1,1},
                     {0,1,1,0,1,1},
                     {0,1,1,0,1,1}
                   },
                   {
                     {0,0,0,1,1},
                     {0,0,0,1,1},
                     {0,1,1,1,1,1},
                     {1,1,0,0,0,1,1},
                     {1,1,0,0,0,0,1},
                     {1,1},
                     {0,1,1,1,1,1},
                     {0,0,0,0,0,1,1},
                     {0,0,0,0,0,1,1},
                     {1,0,0,0,0,1,1},
                     {1,1,0,0,0,1,1},
                     {0,1,1,1,1,1},
                     {0,0,0,1,1},
                     {0,0,0,1,1}
                   },
                   {
                     {},
                     {},
                     {},
                     {},
                     {1,1,0,0,0,0,1},
                     {1,1,0,0,0,1,1},
                     {0,0,0,0,1,1},
                     {0,0,0,1,1},
                     {0,0,1,1},
                     {0,1,1},
                     {1,1,0,0,0,1,1},
                     {1,0,0,0,0,1,1}
                   },
                   {
                     {},
                     {},
                     ...

 C:\WINDOWS\DESKTOP\DOS\ODLDOS~1\file.e:
    SLASH = 92'\'
    my_dir = -2

 C:\WINDOWS\DESKTOP\DOS\ODLDOS~1\get.e:
    input_file = <no value>
    input_string = <no value>
    string_next = <no value>
    ch = <no value>

 C:\WINDOWS\DESKTOP\DOS\ODLDOS~1\window.e:
    window_number = 6
    button_number = 12
    combox_number = 2
    menu_number = 0
    fileview_number = 1
    richedit_number = 1
    textbox_number = 9
    lable_number = 10
    box_number = 1
    toolbar_number = 0
    draw_all = 0
    sel_window = 0
    selete = 1
    close_window = 1
    key = 13
    draw_a_window = 0
    file_names = {}
    file_images = {}
    image_1 = {}
    dir_name = <no value>
    drive = <no value>
    same_dir = <no value>
    next_dir1 = <no value>
    back_dir1 = <no value>
    listview_number = 2
    get_button = 0
    window_info = {
                    {
                      10,
                      10,
                      190,
                      260,
                      {83'S',101'e',116't',116't',105'i',110'n',103'g',115's'},
                      0,
                      1,
                      0,
                      0,
                      0,
                      0,
                      0,
                      0,
                      0,
                      1,
                      -1,
                      1
                    },
                    {
                      215,
                      10,
                      400,
                      360,
                      {77'M',97'a',105'i',110'n',32' ',119'w',105'i',110'n',
100'd',111'o',119'w'},
                      0,
                      1,
                      0,
                      0,
                      0,
                      0,
                      0,
                      0,
                      0,
                      1,
                      -1,
                      2
                    },
                    {
                      620,
                      10,
                      170,
                      160,
                      {87'W',105'i',110'n',51'3',50'2',32' ',119'w',105'i',
110'n',100'd',111'o',119'w'},
                      0,
                      1,
                      0,
                      0,
                      0,
                      0,
                      0,
                      0,
                      0,
                      1,
                      -1,
                      3
                    },
                    {
                      620,
                      180,
                      180,
                      190,
                      {67'C',111'o',109'm',109'm',97'a',110'n',100'd',115's'},
                      0,
                      1,
                      0,
                      0,
                      0,
                      0,
                      0,
                      0,
                      0,
                      1,
                      -1,
                      6
                    },
                    {
                      5,
                      280,
                      205,
                      300,
                      {109'm',101'e',110'n',117'u',32' ',101'e',100'd',105'i',
116't',101'e',114'r'},
                      0,
                      1,
                      0,
                      0,
                      0,
                      0,
                      0,
                      0,
                      0,
                      1,
                      -1,
                      5
                    },
                    {
                      215,
                      380,
                      550,
                      200,
                      {67'C',111'o',100'd',101'e',32' ',119'w',105'i',110'n',
100'd',111'o',119'w'},
                      0,
                      1,
                      0,
                      0,
                      0,
                      0,
                      0,
                      0,
                      0,
                      1,
                      -1,
                      4
                    }
                  }
    button_info = {
                    {
                      10,
                      190,
                      32' ',
                      0,
                      {79'O',107'k'},
                      0,
                      0,
                      1,
                      1
                    },
                    {
                      50'2',
                      190,
                      64'@',
                      0,
                      {68'D',101'e',108'l',101'e',116't',101'e'},
                      0,
                      0,
                      1,
                      2
                    },
                    {
                      120'x',
                      190,
                      48'0',
                      0,
                      {77'M',111'o',118'v',101'e'},
                      0,
                      0,
                      1,
                      3
                    },
                    {
                      30,
                      120'x',
                      88'X',
                      0,
                      {65'A',100'd',100'd',32' ',87'W',105'i',110'n',51'3',
50'2'},
                      0,
                      0,
                      3,
                      4
                    },
                    {
                      10,
                      90'Z',
                      80'P',
                      0,
                      {65'A',100'd',100'd',32' ',77'M',101'e',110'n',117'u'},
                      0,
                      0,
                      5,
                      5
                    },
                    {
                      100'd',
                      90'Z',
                      104'h',
                      0,
                      {68'D',101'e',108'l',101'e',116't',101'e',32' ',77'M',
101'e',110'n',117'u'},
                      0,
                      0,
                      5,
                      6
                    },
                    {
                      10,
                      120'x',
                      120'x',
                      0,
                      {65'A',100'd',100'd',32' ',77'M',101'e',110'n',117'u',
32' ',73'I',116't',101'e',109'm'},
                      0,
                      0,
                      5,
                      7
                    },
                    {
                      10,
                      150,
                      144,
                      0,
                      {68'D',101'e',108'l',101'e',116't',101'e',32' ',77'M',
101'e',110'n',117'u',32' ',73'I',116't',101'e',109'm'},
                      0,
                      0,
                      5,
                      8
                    },
                    {
                      5,
                      5,
                      40'(',
                      0,
                      {78'N',69'E',87'W'},
                      0,
                      0,
                      6,
                      9
                    },
                    {
                      5,
                      30,
                      48'0',
                      0,
                      {79'O',80'P',69'E',78'N'},
                      0,
                      0,
                      6,
                      10
                    },
                    {
                      5,
                      55'7',
                      48'0',
                      0,
                      {83'S',65'A',86'V',69'E'},
                      0,
                      0,
                      6,
                      11
                    },
                    {
                      5,
                      80'P',
                      48'0',
                      0,
                      {69'E',88'X',73'I',84'T'},
                      0,
                      0,
                      6,
                      12
                    }
                  }
    combox_info = {
                    {
                      10,
                      10,
                      72'H',
                      100'd',
                      0,
                      0,
                      {
                        {66'B',117'u',116't',116't',111'o',110'n'},
                        {76'L',105'i',115's',116't',118'v',105'i',101'e',
119'w'},
                        {67'C',111'o',109'm',98'b',111'o',120'x'},
                        {82'R',105'i',99'c',104'h',101'e',100'd',105'i',
116't'},
                        {84'T',101'e',120'x',116't',98'b',111'o',120'x'},
                        {76'L',97'a',98'b',108'l',101'e'},
                        {66'B',111'o',120'x'}
                      },
                      {},
                      1,
                      2.5,
                      0,
                      1,
                      1,
                      {},
                      0,
                      0,
                      3,
                      1
                    },
                    {
                      320,
                      10,
                      8,
                      100'd',
                      0,
                      0,
                      {{}},
                      {},
                      1,
                      0,
                      0,
                      1,
                      0,
                      {},
                      0,
                      1,
                      4,
                      2
                    }
                  }
    richedit_info = {
                      {
                        10,
                        10,
                        300,
                        140,
                        {
                          {103'g',100'd',102'f',100'd',102'f',100'd',102'f'},
                          {107'k',106'j',106'j',107'k',106'j',107'k',106'j',
107'k',106'j'},
                          {106'j',104'h',106'j'}
                        },
                        -1,
                        3,
                        0,
                        1,
                        1,
                        0,
                        1,
                        0,
                        1,
                        0,
                        4,
                        1,
                        1
                      }
                    }
    textbox_info = {
                     {80'P',10,100'd',20,{},0,0,{},1,0,0,1,1},
                     {80'P',35'#',100'd',20,{},0,0,{},1,0,0,1,2},
                     {80'P',60'<',100'd',20,{},0,0,{},1,0,0,1,3},
                     {80'P',85'U',100'd',20,{},0,0,{},1,0,0,1,4},
                     {80'P',110'n',100'd',20,{},0,0,{},1,0,0,1,5},
                     {80'P',135,100'd',20,{},0,0,{},1,0,0,1,6},
                     {80'P',160,100'd',20,{},0,0,{},1,0,0,1,7},
                     {
                       100'd',
                       30,
                       100'd',
                       20,
                       {},
                       0,
                       0,
                       {107'k',104'h',106'j',106'j',59';',108'l',108'l',
108'l',107'k',108'l',104'h'},
                       1,
                       0,
                       0,
                       5,
                       8
                     },
                     {100'd',60'<',100'd',20,{},0,0,{},1,0,0,5,9}
                   }
    toolbar_info = {}
    lable_info = {
                   {
                     10,
                     10,
                     48'0',
                     20,
                     {119'w',105'i',110'n',100'd',111'o',119'w'},
                     0,
                     0,
                     1,
                     1
                   },
                   {
                     10,
                     35'#',
                     56'8',
                     20,
                     {104'h',97'a',110'n',100'd',108'l',101'e',114'r'},
                     0,
                     0,
                     1,
                     2
                   },
                   {
                     10,
                     60'<',
                     32' ',
                     20,
                     {116't',101'e',120'x',116't'},
                     0,
                     0,
                     1,
                     3
                   },
                   {
                     10,
                     85'U',
                     8,
                     20,
                     {120'x'},
                     0,
                     0,
                     1,
                     4
                   },
                   {
                     10,
                     110'n',
                     8,
                     20,
                     {121'y'},
                     0,
                     0,
                     1,
                     5
                   },
                   {
                     10,
                     135,
                     40'(',
                     20,
                     {119'w',105'i',100'd',116't',104'h'},
                     0,
                     0,
                     1,
                     6
                   },
                   {
                     10,
                     160,
                     48'0',
                     20,
                     {104'h',101'e',105'i',103'g',104'h',116't'},
                     0,
                     0,
                     1,
                     7
                   },
                   {
                     10,
                     30,
                     32' ',
                     20,
                     {77'M',101'e',110'n',117'u'},
                     0,
                     0,
                     5,
                     8
                   },
                   {
                     10,
                     60'<',
                     72'H',
                     20,
                     {77'M',101'e',110'n',117'u',32' ',73'I',116't',101'e',
109'm'},
                     0,
                     0,
                     5,
                     9
                   },
                   {
                     10,
                     10,
                     88'X',
                     20,
                     {77'M',101'e',110'n',117'u',32' ',79'O',110'n',47'/',
79'O',102'f',102'f'},
                     0,
                     0,
                     5,
                     10
                   }
                 }
    listview_info = {
                      {10,170,80'P',100'd',1,0,{},0,0,0,{},0,0,5,1},
                      {100'd',170,80'P',100'd',1,0,{},0,0,0,{},0,0,5,2}
                    }
    menu_info = {}
    box_info = {
                 {100'd',10,16,16,0,0,0,5,1,0}
               }
    workbar_info = {1,600,800,0,{},{}}
    fileview_info = {}
    temp_x = 1410
    temp_y = 0
    s = {
          {15,15,15,15,15,15},
          {15,15,15,15,15,15},
          {15,15,15,15,15,15},
          {15,15,15,15,15,15},
          {15,15,15,15,15,15},
          {15,15,15,15,15,15}
        }

 C:\WINDOWS\DESKTOP\DOS\ODLDOS~1\database.e:
    current_db = -1
    current_table = -1
    db_names = {}
    db_file_nums = {}
    db_lock_methods = {}
    current_lock = <no value>
    key_pointers = <no value>
    db_fatal_id = 0
    mem0 = 2211130928
    mem1 = 2211130929
    mem2 = 2211130930
    mem3 = 2211130931
    memseq = {2211130928,4}

 C:\WINDOWS\DESKTOP\DOS\ODLDOS~1\RUN.EX:
    window1 = 1
    textbox1 = 1
    textbox2 = 2
    textbox3 = 3
    textbox4 = 4
    textbox5 = 5
    textbox6 = 6
    textbox7 = 7
    lable1 = 1
    lable2 = 2
    lable3 = 3
    lable4 = 4
    lable5 = 5
    lable6 = 6
    lable7 = 7
    button1 = 1
    button7 = 2
    button8 = 3
    window2 = 2
    box1 = 1
    window3 = 3
    combox1 = 1
    button2 = 4
    window4 = 4
    richedit1 = 1
    combox2 = 2
    window5 = 5
    listview1 = 1
    listview2 = 2
    textbox8 = 8
    textbox9 = 9
    button3 = 5
    button4 = 6
    button5 = 7
    button6 = 8
    lable8 = 8
    lable9 = 9
    lable10 = 10
    window6 = 6
    button_new = 9
    button_open = 10
    button_save = 11
    button_exit = 12
    menu1 = 0
    menus = {}
    can = 0
    button_number = 1
    textbox_number = 1
    richedit_number = 1
    listview_number = 1
    combox_number = 1
    lable_number = 1
    box_number = 1
    buttons = {}
    textboxs = {}
    info = {}
    temp_object = {}
    richedits = {}
    listviews = {}
    comboxs = {}
    lables = {}
    boxs = {}
    button = 0
    textbox = 0
    richedit = 0
    listview = 0
    combox = 0
    lable = 0
    box = 0


Warning: private variable fn in open_program() in RUN.EX is not used
